[0.015s] Invoking command in '/home/vboxuser/Desktop/CSCE 452/CSCE-452-Project-3/ros2_ws/build/my_package': CMAKE_PREFIX_PATH=/opt/ros/humble /usr/bin/cmake /home/vboxuser/Desktop/CSCE 452/CSCE-452-Project-3/ros2_ws/src/my_package -DCMAKE_INSTALL_PREFIX=/home/vboxuser/Desktop/CSCE 452/CSCE-452-Project-3/ros2_ws/install/my_package
[0.207s] -- The C compiler identification is GNU 11.3.0
[0.335s] -- The CXX compiler identification is GNU 11.3.0
[0.356s] -- Detecting C compiler ABI info
[0.413s] -- Detecting C compiler ABI info - done
[0.418s] -- Check for working C compiler: /usr/bin/cc - skipped
[0.419s] -- Detecting C compile features
[0.420s] -- Detecting C compile features - done
[0.424s] -- Detecting CXX compiler ABI info
[0.494s] -- Detecting CXX compiler ABI info - done
[0.499s] -- Check for working CXX compiler: /usr/bin/c++ - skipped
[0.500s] -- Detecting CXX compile features
[0.500s] -- Detecting CXX compile features - done
[0.517s] -- Found ament_cmake: 1.3.3 (/opt/ros/humble/share/ament_cmake/cmake)
[0.637s] -- Found Python3: /usr/bin/python3.10 (found version "3.10.6") found components: Interpreter 
[0.733s] -- Found ament_lint_auto: 0.12.5 (/opt/ros/humble/share/ament_lint_auto/cmake)
[0.798s] -- Added test 'cppcheck' to perform static code analysis on C / C++ code
[0.798s] -- Configured cppcheck include dirs: $<BUILD_INTERFACE:/home/vboxuser/Desktop/CSCE 452/CSCE-452-Project-3/ros2_ws/src/my_package/include>
[0.798s] -- Configured cppcheck exclude dirs and/or files: 
[0.800s] -- Added test 'lint_cmake' to check CMake code style
[0.801s] -- Added test 'uncrustify' to check C / C++ code style
[0.802s] -- Configured uncrustify additional arguments: 
[0.802s] -- Added test 'xmllint' to check XML markup files
[0.805s] -- Configuring done
[0.808s] -- Generating done
[0.809s] -- Build files have been written to: /home/vboxuser/Desktop/CSCE 452/CSCE-452-Project-3/ros2_ws/build/my_package
[0.814s] Invoked command in '/home/vboxuser/Desktop/CSCE 452/CSCE-452-Project-3/ros2_ws/build/my_package' returned '0': CMAKE_PREFIX_PATH=/opt/ros/humble /usr/bin/cmake /home/vboxuser/Desktop/CSCE 452/CSCE-452-Project-3/ros2_ws/src/my_package -DCMAKE_INSTALL_PREFIX=/home/vboxuser/Desktop/CSCE 452/CSCE-452-Project-3/ros2_ws/install/my_package
[0.815s] Invoking command in '/home/vboxuser/Desktop/CSCE 452/CSCE-452-Project-3/ros2_ws/build/my_package': CMAKE_PREFIX_PATH=/opt/ros/humble /usr/bin/cmake --build /home/vboxuser/Desktop/CSCE 452/CSCE-452-Project-3/ros2_ws/build/my_package -- -j4 -l4
[0.850s] [ 50%] [32mBuilding CXX object CMakeFiles/my_node.dir/src/my_node.cpp.o[0m
[0.895s] [100%] [32m[1mLinking CXX executable my_node[0m
[0.925s] [100%] Built target my_node
[0.934s] Invoked command in '/home/vboxuser/Desktop/CSCE 452/CSCE-452-Project-3/ros2_ws/build/my_package' returned '0': CMAKE_PREFIX_PATH=/opt/ros/humble /usr/bin/cmake --build /home/vboxuser/Desktop/CSCE 452/CSCE-452-Project-3/ros2_ws/build/my_package -- -j4 -l4
[0.959s] Invoking command in '/home/vboxuser/Desktop/CSCE 452/CSCE-452-Project-3/ros2_ws/build/my_package': CMAKE_PREFIX_PATH=/opt/ros/humble /usr/bin/cmake --install /home/vboxuser/Desktop/CSCE 452/CSCE-452-Project-3/ros2_ws/build/my_package
[0.963s] -- Install configuration: ""
[0.964s] -- Installing: /home/vboxuser/Desktop/CSCE 452/CSCE-452-Project-3/ros2_ws/install/my_package/lib/my_package/my_node
[0.964s] -- Installing: /home/vboxuser/Desktop/CSCE 452/CSCE-452-Project-3/ros2_ws/install/my_package/share/ament_index/resource_index/package_run_dependencies/my_package
[0.965s] -- Installing: /home/vboxuser/Desktop/CSCE 452/CSCE-452-Project-3/ros2_ws/install/my_package/share/ament_index/resource_index/parent_prefix_path/my_package
[0.965s] -- Installing: /home/vboxuser/Desktop/CSCE 452/CSCE-452-Project-3/ros2_ws/install/my_package/share/my_package/environment/ament_prefix_path.sh
[0.965s] -- Installing: /home/vboxuser/Desktop/CSCE 452/CSCE-452-Project-3/ros2_ws/install/my_package/share/my_package/environment/ament_prefix_path.dsv
[0.966s] -- Installing: /home/vboxuser/Desktop/CSCE 452/CSCE-452-Project-3/ros2_ws/install/my_package/share/my_package/environment/path.sh
[0.966s] -- Installing: /home/vboxuser/Desktop/CSCE 452/CSCE-452-Project-3/ros2_ws/install/my_package/share/my_package/environment/path.dsv
[0.966s] -- Installing: /home/vboxuser/Desktop/CSCE 452/CSCE-452-Project-3/ros2_ws/install/my_package/share/my_package/local_setup.bash
[0.966s] -- Installing: /home/vboxuser/Desktop/CSCE 452/CSCE-452-Project-3/ros2_ws/install/my_package/share/my_package/local_setup.sh
[0.966s] -- Installing: /home/vboxuser/Desktop/CSCE 452/CSCE-452-Project-3/ros2_ws/install/my_package/share/my_package/local_setup.zsh
[0.967s] -- Installing: /home/vboxuser/Desktop/CSCE 452/CSCE-452-Project-3/ros2_ws/install/my_package/share/my_package/local_setup.dsv
[0.967s] -- Installing: /home/vboxuser/Desktop/CSCE 452/CSCE-452-Project-3/ros2_ws/install/my_package/share/my_package/package.dsv
[0.967s] -- Installing: /home/vboxuser/Desktop/CSCE 452/CSCE-452-Project-3/ros2_ws/install/my_package/share/ament_index/resource_index/packages/my_package
[0.967s] -- Installing: /home/vboxuser/Desktop/CSCE 452/CSCE-452-Project-3/ros2_ws/install/my_package/share/my_package/cmake/my_packageConfig.cmake
[0.967s] -- Installing: /home/vboxuser/Desktop/CSCE 452/CSCE-452-Project-3/ros2_ws/install/my_package/share/my_package/cmake/my_packageConfig-version.cmake
[0.967s] -- Installing: /home/vboxuser/Desktop/CSCE 452/CSCE-452-Project-3/ros2_ws/install/my_package/share/my_package/package.xml
[0.969s] Invoked command in '/home/vboxuser/Desktop/CSCE 452/CSCE-452-Project-3/ros2_ws/build/my_package' returned '0': CMAKE_PREFIX_PATH=/opt/ros/humble /usr/bin/cmake --install /home/vboxuser/Desktop/CSCE 452/CSCE-452-Project-3/ros2_ws/build/my_package
