[0.377s] Invoking command in '/home/vboxuser/Desktop/CSCE 452/CSCE-452-Project-3/ros2_ws/src/project3': PYTHONPATH=/home/vboxuser/Desktop/CSCE 452/CSCE-452-Project-3/ros2_ws/build/project3/prefix_override:/home/vboxuser/Desktop/CSCE 452/CSCE-452-Project-3/ros2_ws/install/project3/lib/python3.10/site-packages:${PYTHONPATH} /usr/bin/python3 setup.py egg_info --egg-base ../../build/project3 build --build-base /home/vboxuser/Desktop/CSCE 452/CSCE-452-Project-3/ros2_ws/build/project3/build install --record /home/vboxuser/Desktop/CSCE 452/CSCE-452-Project-3/ros2_ws/build/project3/install.log --single-version-externally-managed
[0.525s] running egg_info
[0.525s] writing ../../build/project3/project3.egg-info/PKG-INFO
[0.525s] writing dependency_links to ../../build/project3/project3.egg-info/dependency_links.txt
[0.526s] writing entry points to ../../build/project3/project3.egg-info/entry_points.txt
[0.526s] writing requirements to ../../build/project3/project3.egg-info/requires.txt
[0.527s] writing top-level names to ../../build/project3/project3.egg-info/top_level.txt
[0.528s] reading manifest file '../../build/project3/project3.egg-info/SOURCES.txt'
[0.529s] writing manifest file '../../build/project3/project3.egg-info/SOURCES.txt'
[0.529s] running build
[0.529s] running build_py
[0.529s] copying project3/track.py -> /home/vboxuser/Desktop/CSCE 452/CSCE-452-Project-3/ros2_ws/build/project3/build/lib/project3
[0.533s] running install
[0.533s] /usr/lib/python3/dist-packages/setuptools/command/install.py:34: SetuptoolsDeprecationWarning: setup.py install is deprecated. Use build and pip and other standards-based tools.
[0.533s]   warnings.warn(
[0.533s] running install_lib
[0.533s] copying /home/vboxuser/Desktop/CSCE 452/CSCE-452-Project-3/ros2_ws/build/project3/build/lib/project3/track.py -> /home/vboxuser/Desktop/CSCE 452/CSCE-452-Project-3/ros2_ws/install/project3/lib/python3.10/site-packages/project3
[0.533s] byte-compiling /home/vboxuser/Desktop/CSCE 452/CSCE-452-Project-3/ros2_ws/install/project3/lib/python3.10/site-packages/project3/track.py to track.cpython-310.pyc
[0.536s] running install_data
[0.536s] running install_egg_info
[0.536s] removing '/home/vboxuser/Desktop/CSCE 452/CSCE-452-Project-3/ros2_ws/install/project3/lib/python3.10/site-packages/project3-0.0.0-py3.10.egg-info' (and everything under it)
[0.536s] Copying ../../build/project3/project3.egg-info to /home/vboxuser/Desktop/CSCE 452/CSCE-452-Project-3/ros2_ws/install/project3/lib/python3.10/site-packages/project3-0.0.0-py3.10.egg-info
[0.537s] running install_scripts
[0.550s] Installing track script to /home/vboxuser/Desktop/CSCE 452/CSCE-452-Project-3/ros2_ws/install/project3/lib/project3
[0.551s] writing list of installed files to '/home/vboxuser/Desktop/CSCE 452/CSCE-452-Project-3/ros2_ws/build/project3/install.log'
[0.576s] Invoked command in '/home/vboxuser/Desktop/CSCE 452/CSCE-452-Project-3/ros2_ws/src/project3' returned '0': PYTHONPATH=/home/vboxuser/Desktop/CSCE 452/CSCE-452-Project-3/ros2_ws/build/project3/prefix_override:/home/vboxuser/Desktop/CSCE 452/CSCE-452-Project-3/ros2_ws/install/project3/lib/python3.10/site-packages:${PYTHONPATH} /usr/bin/python3 setup.py egg_info --egg-base ../../build/project3 build --build-base /home/vboxuser/Desktop/CSCE 452/CSCE-452-Project-3/ros2_ws/build/project3/build install --record /home/vboxuser/Desktop/CSCE 452/CSCE-452-Project-3/ros2_ws/build/project3/install.log --single-version-externally-managed
