[0.412s] DEBUG:colcon:Command line arguments: ['/usr/bin/colcon', 'build']
[0.413s] DEBUG:colcon:Parsed command line arguments: Namespace(log_base=None, log_level=None, verb_name='build', build_base='build', install_base='install', merge_install=False, symlink_install=False, test_result_base=None, continue_on_error=False, executor='parallel', parallel_workers=4, event_handlers=None, ignore_user_meta=False, metas=['./colcon.meta'], base_paths=['.'], packages_ignore=None, packages_ignore_regex=None, paths=None, packages_up_to=None, packages_up_to_regex=None, packages_above=None, packages_above_and_dependencies=None, packages_above_depth=None, packages_select_by_dep=None, packages_skip_by_dep=None, packages_skip_up_to=None, packages_select_build_failed=False, packages_skip_build_finished=False, packages_select_test_failures=False, packages_skip_test_passed=False, packages_select=None, packages_skip=None, packages_select_regex=None, packages_skip_regex=None, packages_start=None, packages_end=None, allow_overriding=[], cmake_args=None, cmake_target=None, cmake_target_skip_unavailable=False, cmake_clean_cache=False, cmake_clean_first=False, cmake_force_configure=False, ament_cmake_args=None, catkin_cmake_args=None, catkin_skip_building_tests=False, verb_parser=<colcon_defaults.argument_parser.defaults.DefaultArgumentsDecorator object at 0x7f83219397e0>, verb_extension=<colcon_core.verb.build.BuildVerb object at 0x7f832213d5a0>, main=<bound method BuildVerb.main of <colcon_core.verb.build.BuildVerb object at 0x7f832213d5a0>>)
[0.461s] Level 1:colcon.colcon_core.package_discovery:discover_packages(colcon_meta) check parameters
[0.462s] Level 1:colcon.colcon_core.package_discovery:discover_packages(recursive) check parameters
[0.462s] Level 1:colcon.colcon_core.package_discovery:discover_packages(ignore) check parameters
[0.462s] Level 1:colcon.colcon_core.package_discovery:discover_packages(path) check parameters
[0.462s] Level 1:colcon.colcon_core.package_discovery:discover_packages(colcon_meta) discover
[0.462s] Level 1:colcon.colcon_core.package_discovery:discover_packages(recursive) discover
[0.462s] INFO:colcon.colcon_core.package_discovery:Crawling recursively for packages in '/home/vboxuser/Desktop/CSCE 452/CSCE-452-Project-3'
[0.462s] Level 1:colcon.colcon_core.package_identification:_identify(.) by extensions ['ignore', 'ignore_ament_install']
[0.462s] Level 1:colcon.colcon_core.package_identification:_identify(.) by extension 'ignore'
[0.462s] Level 1:colcon.colcon_core.package_identification:_identify(.) by extension 'ignore_ament_install'
[0.462s] Level 1:colcon.colcon_core.package_identification:_identify(.) by extensions ['colcon_pkg']
[0.462s] Level 1:colcon.colcon_core.package_identification:_identify(.) by extension 'colcon_pkg'
[0.462s] Level 1:colcon.colcon_core.package_identification:_identify(.) by extensions ['colcon_meta']
[0.462s] Level 1:colcon.colcon_core.package_identification:_identify(.) by extension 'colcon_meta'
[0.462s] Level 1:colcon.colcon_core.package_identification:_identify(.) by extensions ['ros']
[0.462s] Level 1:colcon.colcon_core.package_identification:_identify(.) by extension 'ros'
[0.473s] Level 1:colcon.colcon_core.package_identification:_identify(.) by extensions ['cmake', 'python']
[0.473s] Level 1:colcon.colcon_core.package_identification:_identify(.) by extension 'cmake'
[0.473s] Level 1:colcon.colcon_core.package_identification:_identify(.) by extension 'python'
[0.473s] Level 1:colcon.colcon_core.package_identification:_identify(.) by extensions ['python_setup_py']
[0.473s] Level 1:colcon.colcon_core.package_identification:_identify(.) by extension 'python_setup_py'
[0.473s] Level 1:colcon.colcon_core.package_identification:_identify(build) by extensions ['ignore', 'ignore_ament_install']
[0.473s] Level 1:colcon.colcon_core.package_identification:_identify(build) by extension 'ignore'
[0.473s] Level 1:colcon.colcon_core.package_identification:_identify(build) ignored
[0.474s] Level 1:colcon.colcon_core.package_identification:_identify(install) by extensions ['ignore', 'ignore_ament_install']
[0.474s] Level 1:colcon.colcon_core.package_identification:_identify(install) by extension 'ignore'
[0.474s] Level 1:colcon.colcon_core.package_identification:_identify(install) ignored
[0.474s] Level 1:colcon.colcon_core.package_identification:_identify(log) by extensions ['ignore', 'ignore_ament_install']
[0.474s] Level 1:colcon.colcon_core.package_identification:_identify(log) by extension 'ignore'
[0.474s] Level 1:colcon.colcon_core.package_identification:_identify(log) ignored
[0.474s] Level 1:colcon.colcon_core.package_identification:_identify(ros2_ws) by extensions ['ignore', 'ignore_ament_install']
[0.474s] Level 1:colcon.colcon_core.package_identification:_identify(ros2_ws) by extension 'ignore'
[0.474s] Level 1:colcon.colcon_core.package_identification:_identify(ros2_ws) by extension 'ignore_ament_install'
[0.474s] Level 1:colcon.colcon_core.package_identification:_identify(ros2_ws) by extensions ['colcon_pkg']
[0.474s] Level 1:colcon.colcon_core.package_identification:_identify(ros2_ws) by extension 'colcon_pkg'
[0.474s] Level 1:colcon.colcon_core.package_identification:_identify(ros2_ws) by extensions ['colcon_meta']
[0.474s] Level 1:colcon.colcon_core.package_identification:_identify(ros2_ws) by extension 'colcon_meta'
[0.474s] Level 1:colcon.colcon_core.package_identification:_identify(ros2_ws) by extensions ['ros']
[0.474s] Level 1:colcon.colcon_core.package_identification:_identify(ros2_ws) by extension 'ros'
[0.474s] Level 1:colcon.colcon_core.package_identification:_identify(ros2_ws) by extensions ['cmake', 'python']
[0.474s] Level 1:colcon.colcon_core.package_identification:_identify(ros2_ws) by extension 'cmake'
[0.474s] Level 1:colcon.colcon_core.package_identification:_identify(ros2_ws) by extension 'python'
[0.474s] Level 1:colcon.colcon_core.package_identification:_identify(ros2_ws) by extensions ['python_setup_py']
[0.474s] Level 1:colcon.colcon_core.package_identification:_identify(ros2_ws) by extension 'python_setup_py'
[0.474s] Level 1:colcon.colcon_core.package_identification:_identify(ros2_ws/bags) by extensions ['ignore', 'ignore_ament_install']
[0.474s] Level 1:colcon.colcon_core.package_identification:_identify(ros2_ws/bags) by extension 'ignore'
[0.474s] Level 1:colcon.colcon_core.package_identification:_identify(ros2_ws/bags) by extension 'ignore_ament_install'
[0.474s] Level 1:colcon.colcon_core.package_identification:_identify(ros2_ws/bags) by extensions ['colcon_pkg']
[0.474s] Level 1:colcon.colcon_core.package_identification:_identify(ros2_ws/bags) by extension 'colcon_pkg'
[0.475s] Level 1:colcon.colcon_core.package_identification:_identify(ros2_ws/bags) by extensions ['colcon_meta']
[0.475s] Level 1:colcon.colcon_core.package_identification:_identify(ros2_ws/bags) by extension 'colcon_meta'
[0.475s] Level 1:colcon.colcon_core.package_identification:_identify(ros2_ws/bags) by extensions ['ros']
[0.475s] Level 1:colcon.colcon_core.package_identification:_identify(ros2_ws/bags) by extension 'ros'
[0.475s] Level 1:colcon.colcon_core.package_identification:_identify(ros2_ws/bags) by extensions ['cmake', 'python']
[0.475s] Level 1:colcon.colcon_core.package_identification:_identify(ros2_ws/bags) by extension 'cmake'
[0.475s] Level 1:colcon.colcon_core.package_identification:_identify(ros2_ws/bags) by extension 'python'
[0.475s] Level 1:colcon.colcon_core.package_identification:_identify(ros2_ws/bags) by extensions ['python_setup_py']
[0.475s] Level 1:colcon.colcon_core.package_identification:_identify(ros2_ws/bags) by extension 'python_setup_py'
[0.475s] Level 1:colcon.colcon_core.package_identification:_identify(ros2_ws/bags/example1) by extensions ['ignore', 'ignore_ament_install']
[0.475s] Level 1:colcon.colcon_core.package_identification:_identify(ros2_ws/bags/example1) by extension 'ignore'
[0.475s] Level 1:colcon.colcon_core.package_identification:_identify(ros2_ws/bags/example1) by extension 'ignore_ament_install'
[0.475s] Level 1:colcon.colcon_core.package_identification:_identify(ros2_ws/bags/example1) by extensions ['colcon_pkg']
[0.475s] Level 1:colcon.colcon_core.package_identification:_identify(ros2_ws/bags/example1) by extension 'colcon_pkg'
[0.475s] Level 1:colcon.colcon_core.package_identification:_identify(ros2_ws/bags/example1) by extensions ['colcon_meta']
[0.475s] Level 1:colcon.colcon_core.package_identification:_identify(ros2_ws/bags/example1) by extension 'colcon_meta'
[0.475s] Level 1:colcon.colcon_core.package_identification:_identify(ros2_ws/bags/example1) by extensions ['ros']
[0.475s] Level 1:colcon.colcon_core.package_identification:_identify(ros2_ws/bags/example1) by extension 'ros'
[0.475s] Level 1:colcon.colcon_core.package_identification:_identify(ros2_ws/bags/example1) by extensions ['cmake', 'python']
[0.475s] Level 1:colcon.colcon_core.package_identification:_identify(ros2_ws/bags/example1) by extension 'cmake'
[0.475s] Level 1:colcon.colcon_core.package_identification:_identify(ros2_ws/bags/example1) by extension 'python'
[0.475s] Level 1:colcon.colcon_core.package_identification:_identify(ros2_ws/bags/example1) by extensions ['python_setup_py']
[0.475s] Level 1:colcon.colcon_core.package_identification:_identify(ros2_ws/bags/example1) by extension 'python_setup_py'
[0.475s] Level 1:colcon.colcon_core.package_identification:_identify(ros2_ws/bags/example2) by extensions ['ignore', 'ignore_ament_install']
[0.475s] Level 1:colcon.colcon_core.package_identification:_identify(ros2_ws/bags/example2) by extension 'ignore'
[0.475s] Level 1:colcon.colcon_core.package_identification:_identify(ros2_ws/bags/example2) by extension 'ignore_ament_install'
[0.476s] Level 1:colcon.colcon_core.package_identification:_identify(ros2_ws/bags/example2) by extensions ['colcon_pkg']
[0.476s] Level 1:colcon.colcon_core.package_identification:_identify(ros2_ws/bags/example2) by extension 'colcon_pkg'
[0.476s] Level 1:colcon.colcon_core.package_identification:_identify(ros2_ws/bags/example2) by extensions ['colcon_meta']
[0.476s] Level 1:colcon.colcon_core.package_identification:_identify(ros2_ws/bags/example2) by extension 'colcon_meta'
[0.476s] Level 1:colcon.colcon_core.package_identification:_identify(ros2_ws/bags/example2) by extensions ['ros']
[0.476s] Level 1:colcon.colcon_core.package_identification:_identify(ros2_ws/bags/example2) by extension 'ros'
[0.476s] Level 1:colcon.colcon_core.package_identification:_identify(ros2_ws/bags/example2) by extensions ['cmake', 'python']
[0.476s] Level 1:colcon.colcon_core.package_identification:_identify(ros2_ws/bags/example2) by extension 'cmake'
[0.476s] Level 1:colcon.colcon_core.package_identification:_identify(ros2_ws/bags/example2) by extension 'python'
[0.476s] Level 1:colcon.colcon_core.package_identification:_identify(ros2_ws/bags/example2) by extensions ['python_setup_py']
[0.476s] Level 1:colcon.colcon_core.package_identification:_identify(ros2_ws/bags/example2) by extension 'python_setup_py'
[0.476s] Level 1:colcon.colcon_core.package_identification:_identify(ros2_ws/bags/example3) by extensions ['ignore', 'ignore_ament_install']
[0.476s] Level 1:colcon.colcon_core.package_identification:_identify(ros2_ws/bags/example3) by extension 'ignore'
[0.476s] Level 1:colcon.colcon_core.package_identification:_identify(ros2_ws/bags/example3) by extension 'ignore_ament_install'
[0.476s] Level 1:colcon.colcon_core.package_identification:_identify(ros2_ws/bags/example3) by extensions ['colcon_pkg']
[0.476s] Level 1:colcon.colcon_core.package_identification:_identify(ros2_ws/bags/example3) by extension 'colcon_pkg'
[0.476s] Level 1:colcon.colcon_core.package_identification:_identify(ros2_ws/bags/example3) by extensions ['colcon_meta']
[0.476s] Level 1:colcon.colcon_core.package_identification:_identify(ros2_ws/bags/example3) by extension 'colcon_meta'
[0.476s] Level 1:colcon.colcon_core.package_identification:_identify(ros2_ws/bags/example3) by extensions ['ros']
[0.476s] Level 1:colcon.colcon_core.package_identification:_identify(ros2_ws/bags/example3) by extension 'ros'
[0.476s] Level 1:colcon.colcon_core.package_identification:_identify(ros2_ws/bags/example3) by extensions ['cmake', 'python']
[0.476s] Level 1:colcon.colcon_core.package_identification:_identify(ros2_ws/bags/example3) by extension 'cmake'
[0.476s] Level 1:colcon.colcon_core.package_identification:_identify(ros2_ws/bags/example3) by extension 'python'
[0.476s] Level 1:colcon.colcon_core.package_identification:_identify(ros2_ws/bags/example3) by extensions ['python_setup_py']
[0.476s] Level 1:colcon.colcon_core.package_identification:_identify(ros2_ws/bags/example3) by extension 'python_setup_py'
[0.476s] Level 1:colcon.colcon_core.package_identification:_identify(ros2_ws/bags/example4) by extensions ['ignore', 'ignore_ament_install']
[0.476s] Level 1:colcon.colcon_core.package_identification:_identify(ros2_ws/bags/example4) by extension 'ignore'
[0.476s] Level 1:colcon.colcon_core.package_identification:_identify(ros2_ws/bags/example4) by extension 'ignore_ament_install'
[0.476s] Level 1:colcon.colcon_core.package_identification:_identify(ros2_ws/bags/example4) by extensions ['colcon_pkg']
[0.476s] Level 1:colcon.colcon_core.package_identification:_identify(ros2_ws/bags/example4) by extension 'colcon_pkg'
[0.477s] Level 1:colcon.colcon_core.package_identification:_identify(ros2_ws/bags/example4) by extensions ['colcon_meta']
[0.477s] Level 1:colcon.colcon_core.package_identification:_identify(ros2_ws/bags/example4) by extension 'colcon_meta'
[0.477s] Level 1:colcon.colcon_core.package_identification:_identify(ros2_ws/bags/example4) by extensions ['ros']
[0.477s] Level 1:colcon.colcon_core.package_identification:_identify(ros2_ws/bags/example4) by extension 'ros'
[0.477s] Level 1:colcon.colcon_core.package_identification:_identify(ros2_ws/bags/example4) by extensions ['cmake', 'python']
[0.477s] Level 1:colcon.colcon_core.package_identification:_identify(ros2_ws/bags/example4) by extension 'cmake'
[0.477s] Level 1:colcon.colcon_core.package_identification:_identify(ros2_ws/bags/example4) by extension 'python'
[0.477s] Level 1:colcon.colcon_core.package_identification:_identify(ros2_ws/bags/example4) by extensions ['python_setup_py']
[0.477s] Level 1:colcon.colcon_core.package_identification:_identify(ros2_ws/bags/example4) by extension 'python_setup_py'
[0.477s] Level 1:colcon.colcon_core.package_identification:_identify(ros2_ws/bags/example5) by extensions ['ignore', 'ignore_ament_install']
[0.477s] Level 1:colcon.colcon_core.package_identification:_identify(ros2_ws/bags/example5) by extension 'ignore'
[0.477s] Level 1:colcon.colcon_core.package_identification:_identify(ros2_ws/bags/example5) by extension 'ignore_ament_install'
[0.477s] Level 1:colcon.colcon_core.package_identification:_identify(ros2_ws/bags/example5) by extensions ['colcon_pkg']
[0.477s] Level 1:colcon.colcon_core.package_identification:_identify(ros2_ws/bags/example5) by extension 'colcon_pkg'
[0.477s] Level 1:colcon.colcon_core.package_identification:_identify(ros2_ws/bags/example5) by extensions ['colcon_meta']
[0.477s] Level 1:colcon.colcon_core.package_identification:_identify(ros2_ws/bags/example5) by extension 'colcon_meta'
[0.477s] Level 1:colcon.colcon_core.package_identification:_identify(ros2_ws/bags/example5) by extensions ['ros']
[0.477s] Level 1:colcon.colcon_core.package_identification:_identify(ros2_ws/bags/example5) by extension 'ros'
[0.477s] Level 1:colcon.colcon_core.package_identification:_identify(ros2_ws/bags/example5) by extensions ['cmake', 'python']
[0.477s] Level 1:colcon.colcon_core.package_identification:_identify(ros2_ws/bags/example5) by extension 'cmake'
[0.477s] Level 1:colcon.colcon_core.package_identification:_identify(ros2_ws/bags/example5) by extension 'python'
[0.477s] Level 1:colcon.colcon_core.package_identification:_identify(ros2_ws/bags/example5) by extensions ['python_setup_py']
[0.477s] Level 1:colcon.colcon_core.package_identification:_identify(ros2_ws/bags/example5) by extension 'python_setup_py'
[0.477s] Level 1:colcon.colcon_core.package_identification:_identify(ros2_ws/bags/example6) by extensions ['ignore', 'ignore_ament_install']
[0.477s] Level 1:colcon.colcon_core.package_identification:_identify(ros2_ws/bags/example6) by extension 'ignore'
[0.477s] Level 1:colcon.colcon_core.package_identification:_identify(ros2_ws/bags/example6) by extension 'ignore_ament_install'
[0.477s] Level 1:colcon.colcon_core.package_identification:_identify(ros2_ws/bags/example6) by extensions ['colcon_pkg']
[0.477s] Level 1:colcon.colcon_core.package_identification:_identify(ros2_ws/bags/example6) by extension 'colcon_pkg'
[0.477s] Level 1:colcon.colcon_core.package_identification:_identify(ros2_ws/bags/example6) by extensions ['colcon_meta']
[0.477s] Level 1:colcon.colcon_core.package_identification:_identify(ros2_ws/bags/example6) by extension 'colcon_meta'
[0.477s] Level 1:colcon.colcon_core.package_identification:_identify(ros2_ws/bags/example6) by extensions ['ros']
[0.478s] Level 1:colcon.colcon_core.package_identification:_identify(ros2_ws/bags/example6) by extension 'ros'
[0.478s] Level 1:colcon.colcon_core.package_identification:_identify(ros2_ws/bags/example6) by extensions ['cmake', 'python']
[0.478s] Level 1:colcon.colcon_core.package_identification:_identify(ros2_ws/bags/example6) by extension 'cmake'
[0.478s] Level 1:colcon.colcon_core.package_identification:_identify(ros2_ws/bags/example6) by extension 'python'
[0.478s] Level 1:colcon.colcon_core.package_identification:_identify(ros2_ws/bags/example6) by extensions ['python_setup_py']
[0.478s] Level 1:colcon.colcon_core.package_identification:_identify(ros2_ws/bags/example6) by extension 'python_setup_py'
[0.478s] Level 1:colcon.colcon_core.package_identification:_identify(ros2_ws/bags/example7) by extensions ['ignore', 'ignore_ament_install']
[0.478s] Level 1:colcon.colcon_core.package_identification:_identify(ros2_ws/bags/example7) by extension 'ignore'
[0.478s] Level 1:colcon.colcon_core.package_identification:_identify(ros2_ws/bags/example7) by extension 'ignore_ament_install'
[0.478s] Level 1:colcon.colcon_core.package_identification:_identify(ros2_ws/bags/example7) by extensions ['colcon_pkg']
[0.478s] Level 1:colcon.colcon_core.package_identification:_identify(ros2_ws/bags/example7) by extension 'colcon_pkg'
[0.478s] Level 1:colcon.colcon_core.package_identification:_identify(ros2_ws/bags/example7) by extensions ['colcon_meta']
[0.478s] Level 1:colcon.colcon_core.package_identification:_identify(ros2_ws/bags/example7) by extension 'colcon_meta'
[0.478s] Level 1:colcon.colcon_core.package_identification:_identify(ros2_ws/bags/example7) by extensions ['ros']
[0.478s] Level 1:colcon.colcon_core.package_identification:_identify(ros2_ws/bags/example7) by extension 'ros'
[0.478s] Level 1:colcon.colcon_core.package_identification:_identify(ros2_ws/bags/example7) by extensions ['cmake', 'python']
[0.478s] Level 1:colcon.colcon_core.package_identification:_identify(ros2_ws/bags/example7) by extension 'cmake'
[0.478s] Level 1:colcon.colcon_core.package_identification:_identify(ros2_ws/bags/example7) by extension 'python'
[0.478s] Level 1:colcon.colcon_core.package_identification:_identify(ros2_ws/bags/example7) by extensions ['python_setup_py']
[0.478s] Level 1:colcon.colcon_core.package_identification:_identify(ros2_ws/bags/example7) by extension 'python_setup_py'
[0.478s] Level 1:colcon.colcon_core.package_identification:_identify(ros2_ws/bags/example8) by extensions ['ignore', 'ignore_ament_install']
[0.478s] Level 1:colcon.colcon_core.package_identification:_identify(ros2_ws/bags/example8) by extension 'ignore'
[0.478s] Level 1:colcon.colcon_core.package_identification:_identify(ros2_ws/bags/example8) by extension 'ignore_ament_install'
[0.478s] Level 1:colcon.colcon_core.package_identification:_identify(ros2_ws/bags/example8) by extensions ['colcon_pkg']
[0.478s] Level 1:colcon.colcon_core.package_identification:_identify(ros2_ws/bags/example8) by extension 'colcon_pkg'
[0.478s] Level 1:colcon.colcon_core.package_identification:_identify(ros2_ws/bags/example8) by extensions ['colcon_meta']
[0.479s] Level 1:colcon.colcon_core.package_identification:_identify(ros2_ws/bags/example8) by extension 'colcon_meta'
[0.479s] Level 1:colcon.colcon_core.package_identification:_identify(ros2_ws/bags/example8) by extensions ['ros']
[0.479s] Level 1:colcon.colcon_core.package_identification:_identify(ros2_ws/bags/example8) by extension 'ros'
[0.479s] Level 1:colcon.colcon_core.package_identification:_identify(ros2_ws/bags/example8) by extensions ['cmake', 'python']
[0.479s] Level 1:colcon.colcon_core.package_identification:_identify(ros2_ws/bags/example8) by extension 'cmake'
[0.479s] Level 1:colcon.colcon_core.package_identification:_identify(ros2_ws/bags/example8) by extension 'python'
[0.479s] Level 1:colcon.colcon_core.package_identification:_identify(ros2_ws/bags/example8) by extensions ['python_setup_py']
[0.479s] Level 1:colcon.colcon_core.package_identification:_identify(ros2_ws/bags/example8) by extension 'python_setup_py'
[0.479s] Level 1:colcon.colcon_core.package_identification:_identify(ros2_ws/bags/example9) by extensions ['ignore', 'ignore_ament_install']
[0.479s] Level 1:colcon.colcon_core.package_identification:_identify(ros2_ws/bags/example9) by extension 'ignore'
[0.479s] Level 1:colcon.colcon_core.package_identification:_identify(ros2_ws/bags/example9) by extension 'ignore_ament_install'
[0.479s] Level 1:colcon.colcon_core.package_identification:_identify(ros2_ws/bags/example9) by extensions ['colcon_pkg']
[0.479s] Level 1:colcon.colcon_core.package_identification:_identify(ros2_ws/bags/example9) by extension 'colcon_pkg'
[0.479s] Level 1:colcon.colcon_core.package_identification:_identify(ros2_ws/bags/example9) by extensions ['colcon_meta']
[0.479s] Level 1:colcon.colcon_core.package_identification:_identify(ros2_ws/bags/example9) by extension 'colcon_meta'
[0.479s] Level 1:colcon.colcon_core.package_identification:_identify(ros2_ws/bags/example9) by extensions ['ros']
[0.479s] Level 1:colcon.colcon_core.package_identification:_identify(ros2_ws/bags/example9) by extension 'ros'
[0.479s] Level 1:colcon.colcon_core.package_identification:_identify(ros2_ws/bags/example9) by extensions ['cmake', 'python']
[0.479s] Level 1:colcon.colcon_core.package_identification:_identify(ros2_ws/bags/example9) by extension 'cmake'
[0.479s] Level 1:colcon.colcon_core.package_identification:_identify(ros2_ws/bags/example9) by extension 'python'
[0.479s] Level 1:colcon.colcon_core.package_identification:_identify(ros2_ws/bags/example9) by extensions ['python_setup_py']
[0.479s] Level 1:colcon.colcon_core.package_identification:_identify(ros2_ws/bags/example9) by extension 'python_setup_py'
[0.479s] Level 1:colcon.colcon_core.package_identification:_identify(ros2_ws/build) by extensions ['ignore', 'ignore_ament_install']
[0.479s] Level 1:colcon.colcon_core.package_identification:_identify(ros2_ws/build) by extension 'ignore'
[0.479s] Level 1:colcon.colcon_core.package_identification:_identify(ros2_ws/build) ignored
[0.479s] Level 1:colcon.colcon_core.package_identification:_identify(ros2_ws/install) by extensions ['ignore', 'ignore_ament_install']
[0.479s] Level 1:colcon.colcon_core.package_identification:_identify(ros2_ws/install) by extension 'ignore'
[0.479s] Level 1:colcon.colcon_core.package_identification:_identify(ros2_ws/install) ignored
[0.480s] Level 1:colcon.colcon_core.package_identification:_identify(ros2_ws/log) by extensions ['ignore', 'ignore_ament_install']
[0.480s] Level 1:colcon.colcon_core.package_identification:_identify(ros2_ws/log) by extension 'ignore'
[0.480s] Level 1:colcon.colcon_core.package_identification:_identify(ros2_ws/log) ignored
[0.480s] Level 1:colcon.colcon_core.package_identification:_identify(ros2_ws/src) by extensions ['ignore', 'ignore_ament_install']
[0.480s] Level 1:colcon.colcon_core.package_identification:_identify(ros2_ws/src) by extension 'ignore'
[0.480s] Level 1:colcon.colcon_core.package_identification:_identify(ros2_ws/src) by extension 'ignore_ament_install'
[0.480s] Level 1:colcon.colcon_core.package_identification:_identify(ros2_ws/src) by extensions ['colcon_pkg']
[0.480s] Level 1:colcon.colcon_core.package_identification:_identify(ros2_ws/src) by extension 'colcon_pkg'
[0.480s] Level 1:colcon.colcon_core.package_identification:_identify(ros2_ws/src) by extensions ['colcon_meta']
[0.480s] Level 1:colcon.colcon_core.package_identification:_identify(ros2_ws/src) by extension 'colcon_meta'
[0.480s] Level 1:colcon.colcon_core.package_identification:_identify(ros2_ws/src) by extensions ['ros']
[0.480s] Level 1:colcon.colcon_core.package_identification:_identify(ros2_ws/src) by extension 'ros'
[0.480s] Level 1:colcon.colcon_core.package_identification:_identify(ros2_ws/src) by extensions ['cmake', 'python']
[0.480s] Level 1:colcon.colcon_core.package_identification:_identify(ros2_ws/src) by extension 'cmake'
[0.480s] Level 1:colcon.colcon_core.package_identification:_identify(ros2_ws/src) by extension 'python'
[0.480s] Level 1:colcon.colcon_core.package_identification:_identify(ros2_ws/src) by extensions ['python_setup_py']
[0.480s] Level 1:colcon.colcon_core.package_identification:_identify(ros2_ws/src) by extension 'python_setup_py'
[0.480s] Level 1:colcon.colcon_core.package_identification:_identify(ros2_ws/src/build) by extensions ['ignore', 'ignore_ament_install']
[0.480s] Level 1:colcon.colcon_core.package_identification:_identify(ros2_ws/src/build) by extension 'ignore'
[0.480s] Level 1:colcon.colcon_core.package_identification:_identify(ros2_ws/src/build) ignored
[0.480s] Level 1:colcon.colcon_core.package_identification:_identify(ros2_ws/src/install) by extensions ['ignore', 'ignore_ament_install']
[0.480s] Level 1:colcon.colcon_core.package_identification:_identify(ros2_ws/src/install) by extension 'ignore'
[0.480s] Level 1:colcon.colcon_core.package_identification:_identify(ros2_ws/src/install) ignored
[0.480s] Level 1:colcon.colcon_core.package_identification:_identify(ros2_ws/src/log) by extensions ['ignore', 'ignore_ament_install']
[0.480s] Level 1:colcon.colcon_core.package_identification:_identify(ros2_ws/src/log) by extension 'ignore'
[0.480s] Level 1:colcon.colcon_core.package_identification:_identify(ros2_ws/src/log) ignored
[0.481s] Level 1:colcon.colcon_core.package_identification:_identify(ros2_ws/src/project3) by extensions ['ignore', 'ignore_ament_install']
[0.481s] Level 1:colcon.colcon_core.package_identification:_identify(ros2_ws/src/project3) by extension 'ignore'
[0.481s] Level 1:colcon.colcon_core.package_identification:_identify(ros2_ws/src/project3) by extension 'ignore_ament_install'
[0.481s] Level 1:colcon.colcon_core.package_identification:_identify(ros2_ws/src/project3) by extensions ['colcon_pkg']
[0.481s] Level 1:colcon.colcon_core.package_identification:_identify(ros2_ws/src/project3) by extension 'colcon_pkg'
[0.481s] Level 1:colcon.colcon_core.package_identification:_identify(ros2_ws/src/project3) by extensions ['colcon_meta']
[0.481s] Level 1:colcon.colcon_core.package_identification:_identify(ros2_ws/src/project3) by extension 'colcon_meta'
[0.481s] Level 1:colcon.colcon_core.package_identification:_identify(ros2_ws/src/project3) by extensions ['ros']
[0.481s] Level 1:colcon.colcon_core.package_identification:_identify(ros2_ws/src/project3) by extension 'ros'
[0.484s] DEBUG:colcon.colcon_core.package_identification:Package 'ros2_ws/src/project3' with type 'ros.ament_python' and name 'project3'
[0.484s] Level 1:colcon.colcon_core.package_discovery:discover_packages(recursive) using defaults
[0.484s] Level 1:colcon.colcon_core.package_discovery:discover_packages(ignore) discover
[0.484s] Level 1:colcon.colcon_core.package_discovery:discover_packages(ignore) using defaults
[0.484s] Level 1:colcon.colcon_core.package_discovery:discover_packages(path) discover
[0.484s] Level 1:colcon.colcon_core.package_discovery:discover_packages(path) using defaults
[0.508s] Level 1:colcon.colcon_core.package_discovery:discover_packages(prefix_path) check parameters
[0.508s] Level 1:colcon.colcon_core.package_discovery:discover_packages(prefix_path) discover
[0.514s] DEBUG:colcon.colcon_installed_package_information.package_discovery:Found 270 installed packages in /opt/ros/humble
[0.515s] Level 1:colcon.colcon_core.package_discovery:discover_packages(prefix_path) using defaults
[0.552s] Level 5:colcon.colcon_core.verb:set package 'project3' build argument 'cmake_args' from command line to 'None'
[0.552s] Level 5:colcon.colcon_core.verb:set package 'project3' build argument 'cmake_target' from command line to 'None'
[0.552s] Level 5:colcon.colcon_core.verb:set package 'project3' build argument 'cmake_target_skip_unavailable' from command line to 'False'
[0.552s] Level 5:colcon.colcon_core.verb:set package 'project3' build argument 'cmake_clean_cache' from command line to 'False'
[0.552s] Level 5:colcon.colcon_core.verb:set package 'project3' build argument 'cmake_clean_first' from command line to 'False'
[0.552s] Level 5:colcon.colcon_core.verb:set package 'project3' build argument 'cmake_force_configure' from command line to 'False'
[0.552s] Level 5:colcon.colcon_core.verb:set package 'project3' build argument 'ament_cmake_args' from command line to 'None'
[0.552s] Level 5:colcon.colcon_core.verb:set package 'project3' build argument 'catkin_cmake_args' from command line to 'None'
[0.552s] Level 5:colcon.colcon_core.verb:set package 'project3' build argument 'catkin_skip_building_tests' from command line to 'False'
[0.552s] DEBUG:colcon.colcon_core.verb:Building package 'project3' with the following arguments: {'ament_cmake_args': None, 'build_base': '/home/vboxuser/Desktop/CSCE 452/CSCE-452-Project-3/build/project3', 'catkin_cmake_args': None, 'catkin_skip_building_tests': False, 'cmake_args': None, 'cmake_clean_cache': False, 'cmake_clean_first': False, 'cmake_force_configure': False, 'cmake_target': None, 'cmake_target_skip_unavailable': False, 'install_base': '/home/vboxuser/Desktop/CSCE 452/CSCE-452-Project-3/install/project3', 'merge_install': False, 'path': '/home/vboxuser/Desktop/CSCE 452/CSCE-452-Project-3/ros2_ws/src/project3', 'symlink_install': False, 'test_result_base': None}
[0.552s] INFO:colcon.colcon_core.executor:Executing jobs using 'parallel' executor
[0.555s] DEBUG:colcon.colcon_parallel_executor.executor.parallel:run_until_complete
[0.555s] INFO:colcon.colcon_ros.task.ament_python.build:Building ROS package in '/home/vboxuser/Desktop/CSCE 452/CSCE-452-Project-3/ros2_ws/src/project3' with build type 'ament_python'
[0.555s] Level 1:colcon.colcon_core.shell:create_environment_hook('project3', 'ament_prefix_path')
[0.563s] INFO:colcon.colcon_core.plugin_system:Skipping extension 'colcon_core.shell.bat': Not used on non-Windows systems
[0.563s] INFO:colcon.colcon_core.shell:Creating environment hook '/home/vboxuser/Desktop/CSCE 452/CSCE-452-Project-3/install/project3/share/project3/hook/ament_prefix_path.ps1'
[0.564s] INFO:colcon.colcon_core.shell:Creating environment descriptor '/home/vboxuser/Desktop/CSCE 452/CSCE-452-Project-3/install/project3/share/project3/hook/ament_prefix_path.dsv'
[0.564s] INFO:colcon.colcon_core.shell:Creating environment hook '/home/vboxuser/Desktop/CSCE 452/CSCE-452-Project-3/install/project3/share/project3/hook/ament_prefix_path.sh'
[0.566s] INFO:colcon.colcon_core.shell:Skip shell extension 'powershell' for command environment: Not usable outside of PowerShell
[0.566s] DEBUG:colcon.colcon_core.shell:Skip shell extension 'dsv' for command environment
[0.726s] INFO:colcon.colcon_core.task.python.build:Building Python package in '/home/vboxuser/Desktop/CSCE 452/CSCE-452-Project-3/ros2_ws/src/project3'
[0.727s] INFO:colcon.colcon_core.shell:Skip shell extension 'powershell' for command environment: Not usable outside of PowerShell
[0.727s] DEBUG:colcon.colcon_core.shell:Skip shell extension 'dsv' for command environment
[0.969s] DEBUG:colcon.colcon_core.event_handler.log_command:Invoking command in '/home/vboxuser/Desktop/CSCE 452/CSCE-452-Project-3/ros2_ws/src/project3': PYTHONPATH=/home/vboxuser/Desktop/CSCE 452/CSCE-452-Project-3/build/project3/prefix_override:/home/vboxuser/Desktop/CSCE 452/CSCE-452-Project-3/install/project3/lib/python3.10/site-packages:${PYTHONPATH} /usr/bin/python3 setup.py egg_info --egg-base ../../../build/project3 build --build-base /home/vboxuser/Desktop/CSCE 452/CSCE-452-Project-3/build/project3/build install --record /home/vboxuser/Desktop/CSCE 452/CSCE-452-Project-3/build/project3/install.log --single-version-externally-managed
[1.149s] DEBUG:colcon.colcon_core.event_handler.log_command:Invoked command in '/home/vboxuser/Desktop/CSCE 452/CSCE-452-Project-3/ros2_ws/src/project3' returned '0': PYTHONPATH=/home/vboxuser/Desktop/CSCE 452/CSCE-452-Project-3/build/project3/prefix_override:/home/vboxuser/Desktop/CSCE 452/CSCE-452-Project-3/install/project3/lib/python3.10/site-packages:${PYTHONPATH} /usr/bin/python3 setup.py egg_info --egg-base ../../../build/project3 build --build-base /home/vboxuser/Desktop/CSCE 452/CSCE-452-Project-3/build/project3/build install --record /home/vboxuser/Desktop/CSCE 452/CSCE-452-Project-3/build/project3/install.log --single-version-externally-managed
[1.157s] Level 1:colcon.colcon_core.environment:checking '/home/vboxuser/Desktop/CSCE 452/CSCE-452-Project-3/install/project3' for CMake module files
[1.158s] Level 1:colcon.colcon_core.environment:checking '/home/vboxuser/Desktop/CSCE 452/CSCE-452-Project-3/install/project3' for CMake config files
[1.158s] Level 1:colcon.colcon_core.environment:checking '/home/vboxuser/Desktop/CSCE 452/CSCE-452-Project-3/install/project3/lib'
[1.158s] Level 1:colcon.colcon_core.environment:checking '/home/vboxuser/Desktop/CSCE 452/CSCE-452-Project-3/install/project3/bin'
[1.158s] Level 1:colcon.colcon_core.environment:checking '/home/vboxuser/Desktop/CSCE 452/CSCE-452-Project-3/install/project3/lib/pkgconfig/project3.pc'
[1.158s] Level 1:colcon.colcon_core.environment:checking '/home/vboxuser/Desktop/CSCE 452/CSCE-452-Project-3/install/project3/lib/python3.10/site-packages'
[1.158s] Level 1:colcon.colcon_core.shell:create_environment_hook('project3', 'pythonpath')
[1.159s] INFO:colcon.colcon_core.shell:Creating environment hook '/home/vboxuser/Desktop/CSCE 452/CSCE-452-Project-3/install/project3/share/project3/hook/pythonpath.ps1'
[1.159s] INFO:colcon.colcon_core.shell:Creating environment descriptor '/home/vboxuser/Desktop/CSCE 452/CSCE-452-Project-3/install/project3/share/project3/hook/pythonpath.dsv'
[1.160s] INFO:colcon.colcon_core.shell:Creating environment hook '/home/vboxuser/Desktop/CSCE 452/CSCE-452-Project-3/install/project3/share/project3/hook/pythonpath.sh'
[1.160s] Level 1:colcon.colcon_core.environment:checking '/home/vboxuser/Desktop/CSCE 452/CSCE-452-Project-3/install/project3/bin'
[1.160s] Level 1:colcon.colcon_core.environment:create_environment_scripts_only(project3)
[1.161s] INFO:colcon.colcon_core.shell:Creating package script '/home/vboxuser/Desktop/CSCE 452/CSCE-452-Project-3/install/project3/share/project3/package.ps1'
[1.162s] INFO:colcon.colcon_core.shell:Creating package descriptor '/home/vboxuser/Desktop/CSCE 452/CSCE-452-Project-3/install/project3/share/project3/package.dsv'
[1.163s] INFO:colcon.colcon_core.shell:Creating package script '/home/vboxuser/Desktop/CSCE 452/CSCE-452-Project-3/install/project3/share/project3/package.sh'
[1.163s] INFO:colcon.colcon_core.shell:Creating package script '/home/vboxuser/Desktop/CSCE 452/CSCE-452-Project-3/install/project3/share/project3/package.bash'
[1.164s] INFO:colcon.colcon_core.shell:Creating package script '/home/vboxuser/Desktop/CSCE 452/CSCE-452-Project-3/install/project3/share/project3/package.zsh'
[1.165s] Level 1:colcon.colcon_core.environment:create_file_with_runtime_dependencies(/home/vboxuser/Desktop/CSCE 452/CSCE-452-Project-3/install/project3/share/colcon-core/packages/project3)
[1.165s] DEBUG:colcon.colcon_parallel_executor.executor.parallel:closing loop
[1.166s] DEBUG:colcon.colcon_parallel_executor.executor.parallel:loop closed
[1.166s] DEBUG:colcon.colcon_parallel_executor.executor.parallel:run_until_complete finished with '0'
[1.166s] DEBUG:colcon.colcon_core.event_reactor:joining thread
[1.172s] INFO:colcon.colcon_core.plugin_system:Skipping extension 'colcon_notification.desktop_notification.terminal_notifier': Not used on non-Darwin systems
[1.172s] INFO:colcon.colcon_core.plugin_system:Skipping extension 'colcon_notification.desktop_notification.win32': Not used on non-Windows systems
[1.172s] INFO:colcon.colcon_notification.desktop_notification:Sending desktop notification using 'notify2'
[1.198s] DEBUG:colcon.colcon_core.event_reactor:joined thread
[1.199s] INFO:colcon.colcon_core.shell:Creating prefix script '/home/vboxuser/Desktop/CSCE 452/CSCE-452-Project-3/install/local_setup.ps1'
[1.200s] INFO:colcon.colcon_core.shell:Creating prefix util module '/home/vboxuser/Desktop/CSCE 452/CSCE-452-Project-3/install/_local_setup_util_ps1.py'
[1.201s] INFO:colcon.colcon_core.shell:Creating prefix chain script '/home/vboxuser/Desktop/CSCE 452/CSCE-452-Project-3/install/setup.ps1'
[1.202s] INFO:colcon.colcon_core.shell:Creating prefix script '/home/vboxuser/Desktop/CSCE 452/CSCE-452-Project-3/install/local_setup.sh'
[1.203s] INFO:colcon.colcon_core.shell:Creating prefix util module '/home/vboxuser/Desktop/CSCE 452/CSCE-452-Project-3/install/_local_setup_util_sh.py'
[1.203s] INFO:colcon.colcon_core.shell:Creating prefix chain script '/home/vboxuser/Desktop/CSCE 452/CSCE-452-Project-3/install/setup.sh'
[1.204s] INFO:colcon.colcon_core.shell:Creating prefix script '/home/vboxuser/Desktop/CSCE 452/CSCE-452-Project-3/install/local_setup.bash'
[1.205s] INFO:colcon.colcon_core.shell:Creating prefix chain script '/home/vboxuser/Desktop/CSCE 452/CSCE-452-Project-3/install/setup.bash'
[1.206s] INFO:colcon.colcon_core.shell:Creating prefix script '/home/vboxuser/Desktop/CSCE 452/CSCE-452-Project-3/install/local_setup.zsh'
[1.207s] INFO:colcon.colcon_core.shell:Creating prefix chain script '/home/vboxuser/Desktop/CSCE 452/CSCE-452-Project-3/install/setup.zsh'
