[0.198s] DEBUG:colcon:Command line arguments: ['/usr/bin/colcon', 'build']
[0.198s] DEBUG:colcon:Parsed command line arguments: Namespace(log_base=None, log_level=None, verb_name='build', build_base='build', install_base='install', merge_install=False, symlink_install=False, test_result_base=None, continue_on_error=False, executor='parallel', parallel_workers=4, event_handlers=None, ignore_user_meta=False, metas=['./colcon.meta'], base_paths=['.'], packages_ignore=None, packages_ignore_regex=None, paths=None, packages_up_to=None, packages_up_to_regex=None, packages_above=None, packages_above_and_dependencies=None, packages_above_depth=None, packages_select_by_dep=None, packages_skip_by_dep=None, packages_skip_up_to=None, packages_select_build_failed=False, packages_skip_build_finished=False, packages_select_test_failures=False, packages_skip_test_passed=False, packages_select=None, packages_skip=None, packages_select_regex=None, packages_skip_regex=None, packages_start=None, packages_end=None, allow_overriding=[], cmake_args=None, cmake_target=None, cmake_target_skip_unavailable=False, cmake_clean_cache=False, cmake_clean_first=False, cmake_force_configure=False, ament_cmake_args=None, catkin_cmake_args=None, catkin_skip_building_tests=False, verb_parser=<colcon_defaults.argument_parser.defaults.DefaultArgumentsDecorator object at 0x7fae3c8b5720>, verb_extension=<colcon_core.verb.build.BuildVerb object at 0x7fae3d0b42e0>, main=<bound method BuildVerb.main of <colcon_core.verb.build.BuildVerb object at 0x7fae3d0b42e0>>)
[0.218s] Level 1:colcon.colcon_core.package_discovery:discover_packages(colcon_meta) check parameters
[0.218s] Level 1:colcon.colcon_core.package_discovery:discover_packages(recursive) check parameters
[0.218s] Level 1:colcon.colcon_core.package_discovery:discover_packages(ignore) check parameters
[0.218s] Level 1:colcon.colcon_core.package_discovery:discover_packages(path) check parameters
[0.218s] Level 1:colcon.colcon_core.package_discovery:discover_packages(colcon_meta) discover
[0.218s] Level 1:colcon.colcon_core.package_discovery:discover_packages(recursive) discover
[0.218s] INFO:colcon.colcon_core.package_discovery:Crawling recursively for packages in '/home/vboxuser/Desktop/CSCE 452/CSCE-452-Project-3/ros2_ws'
[0.218s] Level 1:colcon.colcon_core.package_identification:_identify(.) by extensions ['ignore', 'ignore_ament_install']
[0.218s] Level 1:colcon.colcon_core.package_identification:_identify(.) by extension 'ignore'
[0.218s] Level 1:colcon.colcon_core.package_identification:_identify(.) by extension 'ignore_ament_install'
[0.219s] Level 1:colcon.colcon_core.package_identification:_identify(.) by extensions ['colcon_pkg']
[0.219s] Level 1:colcon.colcon_core.package_identification:_identify(.) by extension 'colcon_pkg'
[0.219s] Level 1:colcon.colcon_core.package_identification:_identify(.) by extensions ['colcon_meta']
[0.219s] Level 1:colcon.colcon_core.package_identification:_identify(.) by extension 'colcon_meta'
[0.219s] Level 1:colcon.colcon_core.package_identification:_identify(.) by extensions ['ros']
[0.219s] Level 1:colcon.colcon_core.package_identification:_identify(.) by extension 'ros'
[0.226s] Level 1:colcon.colcon_core.package_identification:_identify(.) by extensions ['cmake', 'python']
[0.227s] Level 1:colcon.colcon_core.package_identification:_identify(.) by extension 'cmake'
[0.227s] Level 1:colcon.colcon_core.package_identification:_identify(.) by extension 'python'
[0.227s] Level 1:colcon.colcon_core.package_identification:_identify(.) by extensions ['python_setup_py']
[0.227s] Level 1:colcon.colcon_core.package_identification:_identify(.) by extension 'python_setup_py'
[0.227s] Level 1:colcon.colcon_core.package_identification:_identify(bags) by extensions ['ignore', 'ignore_ament_install']
[0.227s] Level 1:colcon.colcon_core.package_identification:_identify(bags) by extension 'ignore'
[0.227s] Level 1:colcon.colcon_core.package_identification:_identify(bags) by extension 'ignore_ament_install'
[0.227s] Level 1:colcon.colcon_core.package_identification:_identify(bags) by extensions ['colcon_pkg']
[0.227s] Level 1:colcon.colcon_core.package_identification:_identify(bags) by extension 'colcon_pkg'
[0.227s] Level 1:colcon.colcon_core.package_identification:_identify(bags) by extensions ['colcon_meta']
[0.227s] Level 1:colcon.colcon_core.package_identification:_identify(bags) by extension 'colcon_meta'
[0.227s] Level 1:colcon.colcon_core.package_identification:_identify(bags) by extensions ['ros']
[0.227s] Level 1:colcon.colcon_core.package_identification:_identify(bags) by extension 'ros'
[0.227s] Level 1:colcon.colcon_core.package_identification:_identify(bags) by extensions ['cmake', 'python']
[0.227s] Level 1:colcon.colcon_core.package_identification:_identify(bags) by extension 'cmake'
[0.227s] Level 1:colcon.colcon_core.package_identification:_identify(bags) by extension 'python'
[0.227s] Level 1:colcon.colcon_core.package_identification:_identify(bags) by extensions ['python_setup_py']
[0.227s] Level 1:colcon.colcon_core.package_identification:_identify(bags) by extension 'python_setup_py'
[0.227s] Level 1:colcon.colcon_core.package_identification:_identify(bags/example1) by extensions ['ignore', 'ignore_ament_install']
[0.227s] Level 1:colcon.colcon_core.package_identification:_identify(bags/example1) by extension 'ignore'
[0.227s] Level 1:colcon.colcon_core.package_identification:_identify(bags/example1) by extension 'ignore_ament_install'
[0.228s] Level 1:colcon.colcon_core.package_identification:_identify(bags/example1) by extensions ['colcon_pkg']
[0.228s] Level 1:colcon.colcon_core.package_identification:_identify(bags/example1) by extension 'colcon_pkg'
[0.228s] Level 1:colcon.colcon_core.package_identification:_identify(bags/example1) by extensions ['colcon_meta']
[0.228s] Level 1:colcon.colcon_core.package_identification:_identify(bags/example1) by extension 'colcon_meta'
[0.228s] Level 1:colcon.colcon_core.package_identification:_identify(bags/example1) by extensions ['ros']
[0.228s] Level 1:colcon.colcon_core.package_identification:_identify(bags/example1) by extension 'ros'
[0.228s] Level 1:colcon.colcon_core.package_identification:_identify(bags/example1) by extensions ['cmake', 'python']
[0.228s] Level 1:colcon.colcon_core.package_identification:_identify(bags/example1) by extension 'cmake'
[0.228s] Level 1:colcon.colcon_core.package_identification:_identify(bags/example1) by extension 'python'
[0.228s] Level 1:colcon.colcon_core.package_identification:_identify(bags/example1) by extensions ['python_setup_py']
[0.228s] Level 1:colcon.colcon_core.package_identification:_identify(bags/example1) by extension 'python_setup_py'
[0.228s] Level 1:colcon.colcon_core.package_identification:_identify(bags/example2) by extensions ['ignore', 'ignore_ament_install']
[0.228s] Level 1:colcon.colcon_core.package_identification:_identify(bags/example2) by extension 'ignore'
[0.228s] Level 1:colcon.colcon_core.package_identification:_identify(bags/example2) by extension 'ignore_ament_install'
[0.228s] Level 1:colcon.colcon_core.package_identification:_identify(bags/example2) by extensions ['colcon_pkg']
[0.228s] Level 1:colcon.colcon_core.package_identification:_identify(bags/example2) by extension 'colcon_pkg'
[0.228s] Level 1:colcon.colcon_core.package_identification:_identify(bags/example2) by extensions ['colcon_meta']
[0.228s] Level 1:colcon.colcon_core.package_identification:_identify(bags/example2) by extension 'colcon_meta'
[0.228s] Level 1:colcon.colcon_core.package_identification:_identify(bags/example2) by extensions ['ros']
[0.228s] Level 1:colcon.colcon_core.package_identification:_identify(bags/example2) by extension 'ros'
[0.228s] Level 1:colcon.colcon_core.package_identification:_identify(bags/example2) by extensions ['cmake', 'python']
[0.228s] Level 1:colcon.colcon_core.package_identification:_identify(bags/example2) by extension 'cmake'
[0.228s] Level 1:colcon.colcon_core.package_identification:_identify(bags/example2) by extension 'python'
[0.228s] Level 1:colcon.colcon_core.package_identification:_identify(bags/example2) by extensions ['python_setup_py']
[0.228s] Level 1:colcon.colcon_core.package_identification:_identify(bags/example2) by extension 'python_setup_py'
[0.228s] Level 1:colcon.colcon_core.package_identification:_identify(bags/example3) by extensions ['ignore', 'ignore_ament_install']
[0.229s] Level 1:colcon.colcon_core.package_identification:_identify(bags/example3) by extension 'ignore'
[0.229s] Level 1:colcon.colcon_core.package_identification:_identify(bags/example3) by extension 'ignore_ament_install'
[0.229s] Level 1:colcon.colcon_core.package_identification:_identify(bags/example3) by extensions ['colcon_pkg']
[0.229s] Level 1:colcon.colcon_core.package_identification:_identify(bags/example3) by extension 'colcon_pkg'
[0.229s] Level 1:colcon.colcon_core.package_identification:_identify(bags/example3) by extensions ['colcon_meta']
[0.229s] Level 1:colcon.colcon_core.package_identification:_identify(bags/example3) by extension 'colcon_meta'
[0.229s] Level 1:colcon.colcon_core.package_identification:_identify(bags/example3) by extensions ['ros']
[0.229s] Level 1:colcon.colcon_core.package_identification:_identify(bags/example3) by extension 'ros'
[0.229s] Level 1:colcon.colcon_core.package_identification:_identify(bags/example3) by extensions ['cmake', 'python']
[0.229s] Level 1:colcon.colcon_core.package_identification:_identify(bags/example3) by extension 'cmake'
[0.229s] Level 1:colcon.colcon_core.package_identification:_identify(bags/example3) by extension 'python'
[0.229s] Level 1:colcon.colcon_core.package_identification:_identify(bags/example3) by extensions ['python_setup_py']
[0.229s] Level 1:colcon.colcon_core.package_identification:_identify(bags/example3) by extension 'python_setup_py'
[0.229s] Level 1:colcon.colcon_core.package_identification:_identify(bags/example4) by extensions ['ignore', 'ignore_ament_install']
[0.229s] Level 1:colcon.colcon_core.package_identification:_identify(bags/example4) by extension 'ignore'
[0.229s] Level 1:colcon.colcon_core.package_identification:_identify(bags/example4) by extension 'ignore_ament_install'
[0.229s] Level 1:colcon.colcon_core.package_identification:_identify(bags/example4) by extensions ['colcon_pkg']
[0.229s] Level 1:colcon.colcon_core.package_identification:_identify(bags/example4) by extension 'colcon_pkg'
[0.229s] Level 1:colcon.colcon_core.package_identification:_identify(bags/example4) by extensions ['colcon_meta']
[0.229s] Level 1:colcon.colcon_core.package_identification:_identify(bags/example4) by extension 'colcon_meta'
[0.229s] Level 1:colcon.colcon_core.package_identification:_identify(bags/example4) by extensions ['ros']
[0.229s] Level 1:colcon.colcon_core.package_identification:_identify(bags/example4) by extension 'ros'
[0.229s] Level 1:colcon.colcon_core.package_identification:_identify(bags/example4) by extensions ['cmake', 'python']
[0.229s] Level 1:colcon.colcon_core.package_identification:_identify(bags/example4) by extension 'cmake'
[0.229s] Level 1:colcon.colcon_core.package_identification:_identify(bags/example4) by extension 'python'
[0.229s] Level 1:colcon.colcon_core.package_identification:_identify(bags/example4) by extensions ['python_setup_py']
[0.229s] Level 1:colcon.colcon_core.package_identification:_identify(bags/example4) by extension 'python_setup_py'
[0.229s] Level 1:colcon.colcon_core.package_identification:_identify(bags/example5) by extensions ['ignore', 'ignore_ament_install']
[0.229s] Level 1:colcon.colcon_core.package_identification:_identify(bags/example5) by extension 'ignore'
[0.229s] Level 1:colcon.colcon_core.package_identification:_identify(bags/example5) by extension 'ignore_ament_install'
[0.229s] Level 1:colcon.colcon_core.package_identification:_identify(bags/example5) by extensions ['colcon_pkg']
[0.229s] Level 1:colcon.colcon_core.package_identification:_identify(bags/example5) by extension 'colcon_pkg'
[0.229s] Level 1:colcon.colcon_core.package_identification:_identify(bags/example5) by extensions ['colcon_meta']
[0.229s] Level 1:colcon.colcon_core.package_identification:_identify(bags/example5) by extension 'colcon_meta'
[0.230s] Level 1:colcon.colcon_core.package_identification:_identify(bags/example5) by extensions ['ros']
[0.230s] Level 1:colcon.colcon_core.package_identification:_identify(bags/example5) by extension 'ros'
[0.230s] Level 1:colcon.colcon_core.package_identification:_identify(bags/example5) by extensions ['cmake', 'python']
[0.230s] Level 1:colcon.colcon_core.package_identification:_identify(bags/example5) by extension 'cmake'
[0.230s] Level 1:colcon.colcon_core.package_identification:_identify(bags/example5) by extension 'python'
[0.230s] Level 1:colcon.colcon_core.package_identification:_identify(bags/example5) by extensions ['python_setup_py']
[0.230s] Level 1:colcon.colcon_core.package_identification:_identify(bags/example5) by extension 'python_setup_py'
[0.230s] Level 1:colcon.colcon_core.package_identification:_identify(bags/example6) by extensions ['ignore', 'ignore_ament_install']
[0.230s] Level 1:colcon.colcon_core.package_identification:_identify(bags/example6) by extension 'ignore'
[0.230s] Level 1:colcon.colcon_core.package_identification:_identify(bags/example6) by extension 'ignore_ament_install'
[0.230s] Level 1:colcon.colcon_core.package_identification:_identify(bags/example6) by extensions ['colcon_pkg']
[0.230s] Level 1:colcon.colcon_core.package_identification:_identify(bags/example6) by extension 'colcon_pkg'
[0.230s] Level 1:colcon.colcon_core.package_identification:_identify(bags/example6) by extensions ['colcon_meta']
[0.230s] Level 1:colcon.colcon_core.package_identification:_identify(bags/example6) by extension 'colcon_meta'
[0.230s] Level 1:colcon.colcon_core.package_identification:_identify(bags/example6) by extensions ['ros']
[0.230s] Level 1:colcon.colcon_core.package_identification:_identify(bags/example6) by extension 'ros'
[0.230s] Level 1:colcon.colcon_core.package_identification:_identify(bags/example6) by extensions ['cmake', 'python']
[0.230s] Level 1:colcon.colcon_core.package_identification:_identify(bags/example6) by extension 'cmake'
[0.230s] Level 1:colcon.colcon_core.package_identification:_identify(bags/example6) by extension 'python'
[0.230s] Level 1:colcon.colcon_core.package_identification:_identify(bags/example6) by extensions ['python_setup_py']
[0.230s] Level 1:colcon.colcon_core.package_identification:_identify(bags/example6) by extension 'python_setup_py'
[0.230s] Level 1:colcon.colcon_core.package_identification:_identify(bags/example7) by extensions ['ignore', 'ignore_ament_install']
[0.230s] Level 1:colcon.colcon_core.package_identification:_identify(bags/example7) by extension 'ignore'
[0.230s] Level 1:colcon.colcon_core.package_identification:_identify(bags/example7) by extension 'ignore_ament_install'
[0.230s] Level 1:colcon.colcon_core.package_identification:_identify(bags/example7) by extensions ['colcon_pkg']
[0.230s] Level 1:colcon.colcon_core.package_identification:_identify(bags/example7) by extension 'colcon_pkg'
[0.231s] Level 1:colcon.colcon_core.package_identification:_identify(bags/example7) by extensions ['colcon_meta']
[0.231s] Level 1:colcon.colcon_core.package_identification:_identify(bags/example7) by extension 'colcon_meta'
[0.231s] Level 1:colcon.colcon_core.package_identification:_identify(bags/example7) by extensions ['ros']
[0.231s] Level 1:colcon.colcon_core.package_identification:_identify(bags/example7) by extension 'ros'
[0.231s] Level 1:colcon.colcon_core.package_identification:_identify(bags/example7) by extensions ['cmake', 'python']
[0.231s] Level 1:colcon.colcon_core.package_identification:_identify(bags/example7) by extension 'cmake'
[0.231s] Level 1:colcon.colcon_core.package_identification:_identify(bags/example7) by extension 'python'
[0.231s] Level 1:colcon.colcon_core.package_identification:_identify(bags/example7) by extensions ['python_setup_py']
[0.231s] Level 1:colcon.colcon_core.package_identification:_identify(bags/example7) by extension 'python_setup_py'
[0.231s] Level 1:colcon.colcon_core.package_identification:_identify(bags/example8) by extensions ['ignore', 'ignore_ament_install']
[0.231s] Level 1:colcon.colcon_core.package_identification:_identify(bags/example8) by extension 'ignore'
[0.231s] Level 1:colcon.colcon_core.package_identification:_identify(bags/example8) by extension 'ignore_ament_install'
[0.231s] Level 1:colcon.colcon_core.package_identification:_identify(bags/example8) by extensions ['colcon_pkg']
[0.231s] Level 1:colcon.colcon_core.package_identification:_identify(bags/example8) by extension 'colcon_pkg'
[0.231s] Level 1:colcon.colcon_core.package_identification:_identify(bags/example8) by extensions ['colcon_meta']
[0.231s] Level 1:colcon.colcon_core.package_identification:_identify(bags/example8) by extension 'colcon_meta'
[0.231s] Level 1:colcon.colcon_core.package_identification:_identify(bags/example8) by extensions ['ros']
[0.231s] Level 1:colcon.colcon_core.package_identification:_identify(bags/example8) by extension 'ros'
[0.231s] Level 1:colcon.colcon_core.package_identification:_identify(bags/example8) by extensions ['cmake', 'python']
[0.231s] Level 1:colcon.colcon_core.package_identification:_identify(bags/example8) by extension 'cmake'
[0.231s] Level 1:colcon.colcon_core.package_identification:_identify(bags/example8) by extension 'python'
[0.231s] Level 1:colcon.colcon_core.package_identification:_identify(bags/example8) by extensions ['python_setup_py']
[0.231s] Level 1:colcon.colcon_core.package_identification:_identify(bags/example8) by extension 'python_setup_py'
[0.231s] Level 1:colcon.colcon_core.package_identification:_identify(bags/example9) by extensions ['ignore', 'ignore_ament_install']
[0.231s] Level 1:colcon.colcon_core.package_identification:_identify(bags/example9) by extension 'ignore'
[0.231s] Level 1:colcon.colcon_core.package_identification:_identify(bags/example9) by extension 'ignore_ament_install'
[0.231s] Level 1:colcon.colcon_core.package_identification:_identify(bags/example9) by extensions ['colcon_pkg']
[0.231s] Level 1:colcon.colcon_core.package_identification:_identify(bags/example9) by extension 'colcon_pkg'
[0.231s] Level 1:colcon.colcon_core.package_identification:_identify(bags/example9) by extensions ['colcon_meta']
[0.231s] Level 1:colcon.colcon_core.package_identification:_identify(bags/example9) by extension 'colcon_meta'
[0.231s] Level 1:colcon.colcon_core.package_identification:_identify(bags/example9) by extensions ['ros']
[0.231s] Level 1:colcon.colcon_core.package_identification:_identify(bags/example9) by extension 'ros'
[0.231s] Level 1:colcon.colcon_core.package_identification:_identify(bags/example9) by extensions ['cmake', 'python']
[0.232s] Level 1:colcon.colcon_core.package_identification:_identify(bags/example9) by extension 'cmake'
[0.232s] Level 1:colcon.colcon_core.package_identification:_identify(bags/example9) by extension 'python'
[0.232s] Level 1:colcon.colcon_core.package_identification:_identify(bags/example9) by extensions ['python_setup_py']
[0.232s] Level 1:colcon.colcon_core.package_identification:_identify(bags/example9) by extension 'python_setup_py'
[0.232s] Level 1:colcon.colcon_core.package_identification:_identify(build) by extensions ['ignore', 'ignore_ament_install']
[0.232s] Level 1:colcon.colcon_core.package_identification:_identify(build) by extension 'ignore'
[0.232s] Level 1:colcon.colcon_core.package_identification:_identify(build) ignored
[0.232s] Level 1:colcon.colcon_core.package_identification:_identify(install) by extensions ['ignore', 'ignore_ament_install']
[0.232s] Level 1:colcon.colcon_core.package_identification:_identify(install) by extension 'ignore'
[0.232s] Level 1:colcon.colcon_core.package_identification:_identify(install) ignored
[0.232s] Level 1:colcon.colcon_core.package_identification:_identify(log) by extensions ['ignore', 'ignore_ament_install']
[0.232s] Level 1:colcon.colcon_core.package_identification:_identify(log) by extension 'ignore'
[0.232s] Level 1:colcon.colcon_core.package_identification:_identify(log) ignored
[0.232s] Level 1:colcon.colcon_core.package_identification:_identify(src) by extensions ['ignore', 'ignore_ament_install']
[0.232s] Level 1:colcon.colcon_core.package_identification:_identify(src) by extension 'ignore'
[0.232s] Level 1:colcon.colcon_core.package_identification:_identify(src) by extension 'ignore_ament_install'
[0.232s] Level 1:colcon.colcon_core.package_identification:_identify(src) by extensions ['colcon_pkg']
[0.232s] Level 1:colcon.colcon_core.package_identification:_identify(src) by extension 'colcon_pkg'
[0.232s] Level 1:colcon.colcon_core.package_identification:_identify(src) by extensions ['colcon_meta']
[0.232s] Level 1:colcon.colcon_core.package_identification:_identify(src) by extension 'colcon_meta'
[0.233s] Level 1:colcon.colcon_core.package_identification:_identify(src) by extensions ['ros']
[0.233s] Level 1:colcon.colcon_core.package_identification:_identify(src) by extension 'ros'
[0.233s] Level 1:colcon.colcon_core.package_identification:_identify(src) by extensions ['cmake', 'python']
[0.233s] Level 1:colcon.colcon_core.package_identification:_identify(src) by extension 'cmake'
[0.233s] Level 1:colcon.colcon_core.package_identification:_identify(src) by extension 'python'
[0.233s] Level 1:colcon.colcon_core.package_identification:_identify(src) by extensions ['python_setup_py']
[0.233s] Level 1:colcon.colcon_core.package_identification:_identify(src) by extension 'python_setup_py'
[0.233s] Level 1:colcon.colcon_core.package_identification:_identify(src/build) by extensions ['ignore', 'ignore_ament_install']
[0.233s] Level 1:colcon.colcon_core.package_identification:_identify(src/build) by extension 'ignore'
[0.233s] Level 1:colcon.colcon_core.package_identification:_identify(src/build) ignored
[0.233s] Level 1:colcon.colcon_core.package_identification:_identify(src/install) by extensions ['ignore', 'ignore_ament_install']
[0.233s] Level 1:colcon.colcon_core.package_identification:_identify(src/install) by extension 'ignore'
[0.233s] Level 1:colcon.colcon_core.package_identification:_identify(src/install) ignored
[0.233s] Level 1:colcon.colcon_core.package_identification:_identify(src/log) by extensions ['ignore', 'ignore_ament_install']
[0.233s] Level 1:colcon.colcon_core.package_identification:_identify(src/log) by extension 'ignore'
[0.233s] Level 1:colcon.colcon_core.package_identification:_identify(src/log) ignored
[0.233s] Level 1:colcon.colcon_core.package_identification:_identify(src/project3) by extensions ['ignore', 'ignore_ament_install']
[0.233s] Level 1:colcon.colcon_core.package_identification:_identify(src/project3) by extension 'ignore'
[0.233s] Level 1:colcon.colcon_core.package_identification:_identify(src/project3) by extension 'ignore_ament_install'
[0.233s] Level 1:colcon.colcon_core.package_identification:_identify(src/project3) by extensions ['colcon_pkg']
[0.233s] Level 1:colcon.colcon_core.package_identification:_identify(src/project3) by extension 'colcon_pkg'
[0.233s] Level 1:colcon.colcon_core.package_identification:_identify(src/project3) by extensions ['colcon_meta']
[0.233s] Level 1:colcon.colcon_core.package_identification:_identify(src/project3) by extension 'colcon_meta'
[0.233s] Level 1:colcon.colcon_core.package_identification:_identify(src/project3) by extensions ['ros']
[0.233s] Level 1:colcon.colcon_core.package_identification:_identify(src/project3) by extension 'ros'
[0.235s] DEBUG:colcon.colcon_core.package_identification:Package 'src/project3' with type 'ros.ament_python' and name 'project3'
[0.235s] Level 1:colcon.colcon_core.package_discovery:discover_packages(recursive) using defaults
[0.235s] Level 1:colcon.colcon_core.package_discovery:discover_packages(ignore) discover
[0.235s] Level 1:colcon.colcon_core.package_discovery:discover_packages(ignore) using defaults
[0.235s] Level 1:colcon.colcon_core.package_discovery:discover_packages(path) discover
[0.235s] Level 1:colcon.colcon_core.package_discovery:discover_packages(path) using defaults
[0.249s] Level 1:colcon.colcon_core.package_discovery:discover_packages(prefix_path) check parameters
[0.249s] Level 1:colcon.colcon_core.package_discovery:discover_packages(prefix_path) discover
[0.251s] DEBUG:colcon.colcon_installed_package_information.package_discovery:Found 2 installed packages in /home/vboxuser/Desktop/CSCE 452/CSCE-452-Project-3/ros2_ws/install
[0.252s] DEBUG:colcon.colcon_installed_package_information.package_discovery:Found 270 installed packages in /opt/ros/humble
[0.253s] Level 1:colcon.colcon_core.package_discovery:discover_packages(prefix_path) using defaults
[0.290s] Level 5:colcon.colcon_core.verb:set package 'project3' build argument 'cmake_args' from command line to 'None'
[0.290s] Level 5:colcon.colcon_core.verb:set package 'project3' build argument 'cmake_target' from command line to 'None'
[0.290s] Level 5:colcon.colcon_core.verb:set package 'project3' build argument 'cmake_target_skip_unavailable' from command line to 'False'
[0.290s] Level 5:colcon.colcon_core.verb:set package 'project3' build argument 'cmake_clean_cache' from command line to 'False'
[0.290s] Level 5:colcon.colcon_core.verb:set package 'project3' build argument 'cmake_clean_first' from command line to 'False'
[0.290s] Level 5:colcon.colcon_core.verb:set package 'project3' build argument 'cmake_force_configure' from command line to 'False'
[0.290s] Level 5:colcon.colcon_core.verb:set package 'project3' build argument 'ament_cmake_args' from command line to 'None'
[0.290s] Level 5:colcon.colcon_core.verb:set package 'project3' build argument 'catkin_cmake_args' from command line to 'None'
[0.290s] Level 5:colcon.colcon_core.verb:set package 'project3' build argument 'catkin_skip_building_tests' from command line to 'False'
[0.290s] DEBUG:colcon.colcon_core.verb:Building package 'project3' with the following arguments: {'ament_cmake_args': None, 'build_base': '/home/vboxuser/Desktop/CSCE 452/CSCE-452-Project-3/ros2_ws/build/project3', 'catkin_cmake_args': None, 'catkin_skip_building_tests': False, 'cmake_args': None, 'cmake_clean_cache': False, 'cmake_clean_first': False, 'cmake_force_configure': False, 'cmake_target': None, 'cmake_target_skip_unavailable': False, 'install_base': '/home/vboxuser/Desktop/CSCE 452/CSCE-452-Project-3/ros2_ws/install/project3', 'merge_install': False, 'path': '/home/vboxuser/Desktop/CSCE 452/CSCE-452-Project-3/ros2_ws/src/project3', 'symlink_install': False, 'test_result_base': None}
[0.291s] INFO:colcon.colcon_core.executor:Executing jobs using 'parallel' executor
[0.294s] DEBUG:colcon.colcon_parallel_executor.executor.parallel:run_until_complete
[0.294s] INFO:colcon.colcon_ros.task.ament_python.build:Building ROS package in '/home/vboxuser/Desktop/CSCE 452/CSCE-452-Project-3/ros2_ws/src/project3' with build type 'ament_python'
[0.294s] Level 1:colcon.colcon_core.shell:create_environment_hook('project3', 'ament_prefix_path')
[0.297s] INFO:colcon.colcon_core.plugin_system:Skipping extension 'colcon_core.shell.bat': Not used on non-Windows systems
[0.298s] INFO:colcon.colcon_core.shell:Creating environment hook '/home/vboxuser/Desktop/CSCE 452/CSCE-452-Project-3/ros2_ws/install/project3/share/project3/hook/ament_prefix_path.ps1'
[0.298s] INFO:colcon.colcon_core.shell:Creating environment descriptor '/home/vboxuser/Desktop/CSCE 452/CSCE-452-Project-3/ros2_ws/install/project3/share/project3/hook/ament_prefix_path.dsv'
[0.298s] INFO:colcon.colcon_core.shell:Creating environment hook '/home/vboxuser/Desktop/CSCE 452/CSCE-452-Project-3/ros2_ws/install/project3/share/project3/hook/ament_prefix_path.sh'
[0.300s] INFO:colcon.colcon_core.shell:Skip shell extension 'powershell' for command environment: Not usable outside of PowerShell
[0.300s] DEBUG:colcon.colcon_core.shell:Skip shell extension 'dsv' for command environment
[0.463s] INFO:colcon.colcon_core.task.python.build:Building Python package in '/home/vboxuser/Desktop/CSCE 452/CSCE-452-Project-3/ros2_ws/src/project3'
[0.464s] INFO:colcon.colcon_core.shell:Skip shell extension 'powershell' for command environment: Not usable outside of PowerShell
[0.464s] DEBUG:colcon.colcon_core.shell:Skip shell extension 'dsv' for command environment
[0.665s] DEBUG:colcon.colcon_core.event_handler.log_command:Invoking command in '/home/vboxuser/Desktop/CSCE 452/CSCE-452-Project-3/ros2_ws/src/project3': PYTHONPATH=/home/vboxuser/Desktop/CSCE 452/CSCE-452-Project-3/ros2_ws/build/project3/prefix_override:/home/vboxuser/Desktop/CSCE 452/CSCE-452-Project-3/ros2_ws/install/project3/lib/python3.10/site-packages:${PYTHONPATH} /usr/bin/python3 setup.py egg_info --egg-base ../../build/project3 build --build-base /home/vboxuser/Desktop/CSCE 452/CSCE-452-Project-3/ros2_ws/build/project3/build install --record /home/vboxuser/Desktop/CSCE 452/CSCE-452-Project-3/ros2_ws/build/project3/install.log --single-version-externally-managed
[0.849s] DEBUG:colcon.colcon_core.event_handler.log_command:Invoked command in '/home/vboxuser/Desktop/CSCE 452/CSCE-452-Project-3/ros2_ws/src/project3' returned '0': PYTHONPATH=/home/vboxuser/Desktop/CSCE 452/CSCE-452-Project-3/ros2_ws/build/project3/prefix_override:/home/vboxuser/Desktop/CSCE 452/CSCE-452-Project-3/ros2_ws/install/project3/lib/python3.10/site-packages:${PYTHONPATH} /usr/bin/python3 setup.py egg_info --egg-base ../../build/project3 build --build-base /home/vboxuser/Desktop/CSCE 452/CSCE-452-Project-3/ros2_ws/build/project3/build install --record /home/vboxuser/Desktop/CSCE 452/CSCE-452-Project-3/ros2_ws/build/project3/install.log --single-version-externally-managed
[0.852s] Level 1:colcon.colcon_core.environment:checking '/home/vboxuser/Desktop/CSCE 452/CSCE-452-Project-3/ros2_ws/install/project3' for CMake module files
[0.852s] Level 1:colcon.colcon_core.environment:checking '/home/vboxuser/Desktop/CSCE 452/CSCE-452-Project-3/ros2_ws/install/project3' for CMake config files
[0.853s] Level 1:colcon.colcon_core.environment:checking '/home/vboxuser/Desktop/CSCE 452/CSCE-452-Project-3/ros2_ws/install/project3/lib'
[0.853s] Level 1:colcon.colcon_core.environment:checking '/home/vboxuser/Desktop/CSCE 452/CSCE-452-Project-3/ros2_ws/install/project3/bin'
[0.853s] Level 1:colcon.colcon_core.environment:checking '/home/vboxuser/Desktop/CSCE 452/CSCE-452-Project-3/ros2_ws/install/project3/lib/pkgconfig/project3.pc'
[0.853s] Level 1:colcon.colcon_core.environment:checking '/home/vboxuser/Desktop/CSCE 452/CSCE-452-Project-3/ros2_ws/install/project3/lib/python3.10/site-packages'
[0.854s] Level 1:colcon.colcon_core.shell:create_environment_hook('project3', 'pythonpath')
[0.855s] INFO:colcon.colcon_core.shell:Creating environment hook '/home/vboxuser/Desktop/CSCE 452/CSCE-452-Project-3/ros2_ws/install/project3/share/project3/hook/pythonpath.ps1'
[0.855s] INFO:colcon.colcon_core.shell:Creating environment descriptor '/home/vboxuser/Desktop/CSCE 452/CSCE-452-Project-3/ros2_ws/install/project3/share/project3/hook/pythonpath.dsv'
[0.856s] INFO:colcon.colcon_core.shell:Creating environment hook '/home/vboxuser/Desktop/CSCE 452/CSCE-452-Project-3/ros2_ws/install/project3/share/project3/hook/pythonpath.sh'
[0.857s] Level 1:colcon.colcon_core.environment:checking '/home/vboxuser/Desktop/CSCE 452/CSCE-452-Project-3/ros2_ws/install/project3/bin'
[0.857s] Level 1:colcon.colcon_core.environment:create_environment_scripts_only(project3)
[0.858s] INFO:colcon.colcon_core.shell:Creating package script '/home/vboxuser/Desktop/CSCE 452/CSCE-452-Project-3/ros2_ws/install/project3/share/project3/package.ps1'
[0.858s] INFO:colcon.colcon_core.shell:Creating package descriptor '/home/vboxuser/Desktop/CSCE 452/CSCE-452-Project-3/ros2_ws/install/project3/share/project3/package.dsv'
[0.859s] INFO:colcon.colcon_core.shell:Creating package script '/home/vboxuser/Desktop/CSCE 452/CSCE-452-Project-3/ros2_ws/install/project3/share/project3/package.sh'
[0.859s] INFO:colcon.colcon_core.shell:Creating package script '/home/vboxuser/Desktop/CSCE 452/CSCE-452-Project-3/ros2_ws/install/project3/share/project3/package.bash'
[0.860s] INFO:colcon.colcon_core.shell:Creating package script '/home/vboxuser/Desktop/CSCE 452/CSCE-452-Project-3/ros2_ws/install/project3/share/project3/package.zsh'
[0.861s] Level 1:colcon.colcon_core.environment:create_file_with_runtime_dependencies(/home/vboxuser/Desktop/CSCE 452/CSCE-452-Project-3/ros2_ws/install/project3/share/colcon-core/packages/project3)
[0.861s] DEBUG:colcon.colcon_parallel_executor.executor.parallel:closing loop
[0.861s] DEBUG:colcon.colcon_parallel_executor.executor.parallel:loop closed
[0.862s] DEBUG:colcon.colcon_parallel_executor.executor.parallel:run_until_complete finished with '0'
[0.862s] DEBUG:colcon.colcon_core.event_reactor:joining thread
[0.865s] INFO:colcon.colcon_core.plugin_system:Skipping extension 'colcon_notification.desktop_notification.terminal_notifier': Not used on non-Darwin systems
[0.865s] INFO:colcon.colcon_core.plugin_system:Skipping extension 'colcon_notification.desktop_notification.win32': Not used on non-Windows systems
[0.865s] INFO:colcon.colcon_notification.desktop_notification:Sending desktop notification using 'notify2'
[0.882s] DEBUG:colcon.colcon_core.event_reactor:joined thread
[0.883s] INFO:colcon.colcon_core.shell:Creating prefix script '/home/vboxuser/Desktop/CSCE 452/CSCE-452-Project-3/ros2_ws/install/local_setup.ps1'
[0.884s] INFO:colcon.colcon_core.shell:Creating prefix util module '/home/vboxuser/Desktop/CSCE 452/CSCE-452-Project-3/ros2_ws/install/_local_setup_util_ps1.py'
[0.885s] INFO:colcon.colcon_core.shell:Creating prefix chain script '/home/vboxuser/Desktop/CSCE 452/CSCE-452-Project-3/ros2_ws/install/setup.ps1'
[0.886s] INFO:colcon.colcon_core.shell:Creating prefix script '/home/vboxuser/Desktop/CSCE 452/CSCE-452-Project-3/ros2_ws/install/local_setup.sh'
[0.887s] INFO:colcon.colcon_core.shell:Creating prefix util module '/home/vboxuser/Desktop/CSCE 452/CSCE-452-Project-3/ros2_ws/install/_local_setup_util_sh.py'
[0.887s] INFO:colcon.colcon_core.shell:Creating prefix chain script '/home/vboxuser/Desktop/CSCE 452/CSCE-452-Project-3/ros2_ws/install/setup.sh'
[0.888s] INFO:colcon.colcon_core.shell:Creating prefix script '/home/vboxuser/Desktop/CSCE 452/CSCE-452-Project-3/ros2_ws/install/local_setup.bash'
[0.889s] INFO:colcon.colcon_core.shell:Creating prefix chain script '/home/vboxuser/Desktop/CSCE 452/CSCE-452-Project-3/ros2_ws/install/setup.bash'
[0.890s] INFO:colcon.colcon_core.shell:Creating prefix script '/home/vboxuser/Desktop/CSCE 452/CSCE-452-Project-3/ros2_ws/install/local_setup.zsh'
[0.890s] INFO:colcon.colcon_core.shell:Creating prefix chain script '/home/vboxuser/Desktop/CSCE 452/CSCE-452-Project-3/ros2_ws/install/setup.zsh'
